2024-10-29T11:25:22.628+01:00  INFO 19624 --- [flexisafquiz] [main] c.f.f.FlexisafquizApplication            : Starting FlexisafquizApplication using Java 21.0.3 with PID 19624 (C:\Users\adamu\Desktop\FlexiSaf\Projects\flexisafquiz\target\classes started by Adam Fura Suleiman in C:\Users\adamu\Desktop\FlexiSaf\Projects\flexisafquiz)
2024-10-29T11:25:22.654+01:00 DEBUG 19624 --- [flexisafquiz] [main] c.f.f.FlexisafquizApplication            : Running with Spring Boot v3.3.0, Spring v6.1.8
2024-10-29T11:25:22.656+01:00  INFO 19624 --- [flexisafquiz] [main] c.f.f.FlexisafquizApplication            : No active profile set, falling back to 1 default profile: "default"
2024-10-29T11:25:25.751+01:00  INFO 19624 --- [flexisafquiz] [main] .s.d.r.c.RepositoryConfigurationDelegate : Bootstrapping Spring Data JPA repositories in DEFAULT mode.
2024-10-29T11:25:26.076+01:00  INFO 19624 --- [flexisafquiz] [main] .s.d.r.c.RepositoryConfigurationDelegate : Finished Spring Data repository scanning in 296 ms. Found 6 JPA repository interfaces.
2024-10-29T11:25:26.949+01:00  INFO 19624 --- [flexisafquiz] [main] ptablePropertiesBeanFactoryPostProcessor : Post-processing PropertySource instances
2024-10-29T11:25:26.951+01:00  INFO 19624 --- [flexisafquiz] [main] c.u.j.EncryptablePropertySourceConverter : Skipping PropertySource configurationProperties [class org.springframework.boot.context.properties.source.ConfigurationPropertySourcesPropertySource
2024-10-29T11:25:26.954+01:00  INFO 19624 --- [flexisafquiz] [main] c.u.j.EncryptablePropertySourceConverter : Skipping PropertySource servletConfigInitParams [class org.springframework.core.env.PropertySource$StubPropertySource
2024-10-29T11:25:26.954+01:00  INFO 19624 --- [flexisafquiz] [main] c.u.j.EncryptablePropertySourceConverter : Skipping PropertySource servletContextInitParams [class org.springframework.core.env.PropertySource$StubPropertySource
2024-10-29T11:25:26.956+01:00  INFO 19624 --- [flexisafquiz] [main] c.u.j.EncryptablePropertySourceConverter : Converting PropertySource systemProperties [org.springframework.core.env.PropertiesPropertySource] to EncryptableMapPropertySourceWrapper
2024-10-29T11:25:26.956+01:00  INFO 19624 --- [flexisafquiz] [main] c.u.j.EncryptablePropertySourceConverter : Converting PropertySource systemEnvironment [org.springframework.boot.env.SystemEnvironmentPropertySourceEnvironmentPostProcessor$OriginAwareSystemEnvironmentPropertySource] to EncryptableSystemEnvironmentPropertySourceWrapper
2024-10-29T11:25:26.957+01:00  INFO 19624 --- [flexisafquiz] [main] c.u.j.EncryptablePropertySourceConverter : Converting PropertySource random [org.springframework.boot.env.RandomValuePropertySource] to EncryptablePropertySourceWrapper
2024-10-29T11:25:26.958+01:00  INFO 19624 --- [flexisafquiz] [main] c.u.j.EncryptablePropertySourceConverter : Converting PropertySource Config resource 'class path resource [application.properties]' via location 'optional:classpath:/' [org.springframework.boot.env.OriginTrackedMapPropertySource] to EncryptableMapPropertySourceWrapper
2024-10-29T11:25:28.042+01:00  INFO 19624 --- [flexisafquiz] [main] o.s.b.w.embedded.tomcat.TomcatWebServer  : Tomcat initialized with port 8080 (http)
2024-10-29T11:25:28.071+01:00  INFO 19624 --- [flexisafquiz] [main] o.apache.catalina.core.StandardService   : Starting service [Tomcat]
2024-10-29T11:25:28.072+01:00  INFO 19624 --- [flexisafquiz] [main] o.apache.catalina.core.StandardEngine    : Starting Servlet engine: [Apache Tomcat/10.1.24]
2024-10-29T11:25:28.236+01:00  INFO 19624 --- [flexisafquiz] [main] o.a.c.c.C.[Tomcat].[localhost].[/]       : Initializing Spring embedded WebApplicationContext
2024-10-29T11:25:28.237+01:00  INFO 19624 --- [flexisafquiz] [main] w.s.c.ServletWebServerApplicationContext : Root WebApplicationContext: initialization completed in 5427 ms
2024-10-29T11:25:28.370+01:00  INFO 19624 --- [flexisafquiz] [main] c.u.j.filter.DefaultLazyPropertyFilter   : Property Filter custom Bean not found with name 'encryptablePropertyFilter'. Initializing Default Property Filter
2024-10-29T11:25:28.409+01:00  INFO 19624 --- [flexisafquiz] [main] c.u.j.r.DefaultLazyPropertyResolver      : Property Resolver custom Bean not found with name 'encryptablePropertyResolver'. Initializing Default Property Resolver
2024-10-29T11:25:28.418+01:00  INFO 19624 --- [flexisafquiz] [main] c.u.j.d.DefaultLazyPropertyDetector      : Property Detector custom Bean not found with name 'encryptablePropertyDetector'. Initializing Default Property Detector
2024-10-29T11:25:28.442+01:00  INFO 19624 --- [flexisafquiz] [main] c.u.j.encryptor.DefaultLazyEncryptor     : String Encryptor custom Bean not found with name 'jasyptStringEncryptor'. Initializing Default String Encryptor
2024-10-29T11:25:28.485+01:00  INFO 19624 --- [flexisafquiz] [main] c.u.j.c.StringEncryptorBuilder           : Encryptor config not found for property jasypt.encryptor.algorithm, using default value: PBEWITHHMACSHA512ANDAES_256
2024-10-29T11:25:28.487+01:00  INFO 19624 --- [flexisafquiz] [main] c.u.j.c.StringEncryptorBuilder           : Encryptor config not found for property jasypt.encryptor.key-obtention-iterations, using default value: 1000
2024-10-29T11:25:28.488+01:00  INFO 19624 --- [flexisafquiz] [main] c.u.j.c.StringEncryptorBuilder           : Encryptor config not found for property jasypt.encryptor.pool-size, using default value: 1
2024-10-29T11:25:28.489+01:00  INFO 19624 --- [flexisafquiz] [main] c.u.j.c.StringEncryptorBuilder           : Encryptor config not found for property jasypt.encryptor.provider-name, using default value: null
2024-10-29T11:25:28.490+01:00  INFO 19624 --- [flexisafquiz] [main] c.u.j.c.StringEncryptorBuilder           : Encryptor config not found for property jasypt.encryptor.provider-class-name, using default value: null
2024-10-29T11:25:28.491+01:00  INFO 19624 --- [flexisafquiz] [main] c.u.j.c.StringEncryptorBuilder           : Encryptor config not found for property jasypt.encryptor.salt-generator-classname, using default value: org.jasypt.salt.RandomSaltGenerator
2024-10-29T11:25:28.494+01:00  INFO 19624 --- [flexisafquiz] [main] c.u.j.c.StringEncryptorBuilder           : Encryptor config not found for property jasypt.encryptor.iv-generator-classname, using default value: org.jasypt.iv.RandomIvGenerator
2024-10-29T11:25:28.496+01:00  INFO 19624 --- [flexisafquiz] [main] c.u.j.c.StringEncryptorBuilder           : Encryptor config not found for property jasypt.encryptor.string-output-type, using default value: base64
2024-10-29T11:25:29.413+01:00  INFO 19624 --- [flexisafquiz] [main] com.zaxxer.hikari.HikariDataSource       : HikariPool-1 - Starting...
2024-10-29T11:25:29.810+01:00  INFO 19624 --- [flexisafquiz] [main] com.zaxxer.hikari.pool.HikariPool        : HikariPool-1 - Added connection org.postgresql.jdbc.PgConnection@7a572ea0
2024-10-29T11:25:29.813+01:00  INFO 19624 --- [flexisafquiz] [main] com.zaxxer.hikari.HikariDataSource       : HikariPool-1 - Start completed.
2024-10-29T11:25:29.879+01:00  INFO 19624 --- [flexisafquiz] [main] org.flywaydb.core.FlywayExecutor         : Database: jdbc:postgresql://localhost:4000/quiz (PostgreSQL 15.2)
2024-10-29T11:25:30.033+01:00  INFO 19624 --- [flexisafquiz] [main] o.f.core.internal.command.DbValidate     : Successfully validated 4 migrations (execution time 00:00.096s)
2024-10-29T11:25:30.082+01:00  INFO 19624 --- [flexisafquiz] [main] o.f.core.internal.command.DbMigrate      : Current version of schema "public": 4
2024-10-29T11:25:30.090+01:00  INFO 19624 --- [flexisafquiz] [main] o.f.core.internal.command.DbMigrate      : Schema "public" is up to date. No migration necessary.
2024-10-29T11:25:30.356+01:00  INFO 19624 --- [flexisafquiz] [main] o.hibernate.jpa.internal.util.LogHelper  : HHH000204: Processing PersistenceUnitInfo [name: default]
2024-10-29T11:25:30.525+01:00  INFO 19624 --- [flexisafquiz] [main] org.hibernate.Version                    : HHH000412: Hibernate ORM core version 6.1.5.Final
2024-10-29T11:25:31.006+01:00  WARN 19624 --- [flexisafquiz] [main] org.hibernate.orm.deprecation            : HHH90000021: Encountered deprecated setting [javax.persistence.sharedCache.mode], use [jakarta.persistence.sharedCache.mode] instead
2024-10-29T11:25:31.311+01:00  INFO 19624 --- [flexisafquiz] [main] SQL dialect                              : HHH000400: Using dialect: org.hibernate.dialect.PostgreSQLDialect
2024-10-29T11:25:33.315+01:00  INFO 19624 --- [flexisafquiz] [main] o.h.e.t.j.p.i.JtaPlatformInitiator       : HHH000490: Using JtaPlatform implementation: [org.hibernate.engine.transaction.jta.platform.internal.NoJtaPlatform]
2024-10-29T11:25:33.333+01:00  INFO 19624 --- [flexisafquiz] [main] j.LocalContainerEntityManagerFactoryBean : Initialized JPA EntityManagerFactory for persistence unit 'default'
2024-10-29T11:25:34.012+01:00 DEBUG 19624 --- [flexisafquiz] [main] c.f.f.security.JwtAuthenticationFilter   : Filter 'jwtAuthenticationFilter' configured for use
2024-10-29T11:25:34.117+01:00  INFO 19624 --- [flexisafquiz] [main] r$InitializeUserDetailsManagerConfigurer : Global AuthenticationManager configured with UserDetailsService bean with name userDetailsServiceImpl
2024-10-29T11:25:34.135+01:00  INFO 19624 --- [flexisafquiz] [main] CriteriaBuilderConfigurationProviderImpl : Blaze-Persistence version: Blaze-Persistence 'Lockjaw' 1.6.8
2024-10-29T11:25:34.524+01:00  WARN 19624 --- [flexisafquiz] [main] c.blazebit.annotation.AnnotationUtils    : Stereotype annotation can not be found, skipping annotation inheritance via stereotype.
2024-10-29T11:25:35.455+01:00  WARN 19624 --- [flexisafquiz] [main] JpaBaseConfiguration$JpaWebConfiguration : spring.jpa.open-in-view is enabled by default. Therefore, database queries may be performed during view rendering. Explicitly configure spring.jpa.open-in-view to disable this warning
2024-10-29T11:25:36.006+01:00  INFO 19624 --- [flexisafquiz] [main] o.s.s.web.DefaultSecurityFilterChain     : Will secure any request with [org.springframework.security.web.session.DisableEncodeUrlFilter@7593716d, org.springframework.security.web.context.request.async.WebAsyncManagerIntegrationFilter@4086e003, org.springframework.security.web.context.SecurityContextHolderFilter@d88d9d7, org.springframework.security.web.header.HeaderWriterFilter@7280785f, org.springframework.web.filter.CorsFilter@260043d, org.springframework.security.web.authentication.logout.LogoutFilter@28b36817, com.flexisaf.flexisafquiz.security.JwtAuthenticationFilter@623bdc46, org.springframework.security.web.savedrequest.RequestCacheAwareFilter@5d38758a, org.springframework.security.web.servletapi.SecurityContextHolderAwareRequestFilter@5086e144, org.springframework.security.web.authentication.AnonymousAuthenticationFilter@3a7be6e6, org.springframework.security.web.session.SessionManagementFilter@1b12c870, org.springframework.security.web.access.ExceptionTranslationFilter@7c2d4398, org.springframework.security.web.access.intercept.AuthorizationFilter@681ba763]
2024-10-29T11:25:36.995+01:00  INFO 19624 --- [flexisafquiz] [main] o.s.b.w.embedded.tomcat.TomcatWebServer  : Tomcat started on port 8080 (http) with context path '/'
2024-10-29T11:25:36.998+01:00  INFO 19624 --- [flexisafquiz] [main] u.j.c.RefreshScopeRefreshedEventListener : Refreshing cached encryptable property sources on ServletWebServerInitializedEvent
2024-10-29T11:25:36.999+01:00  INFO 19624 --- [flexisafquiz] [main] CachingDelegateEncryptablePropertySource : Property Source systemProperties refreshed
2024-10-29T11:25:37.000+01:00  INFO 19624 --- [flexisafquiz] [main] CachingDelegateEncryptablePropertySource : Property Source systemEnvironment refreshed
2024-10-29T11:25:37.000+01:00  INFO 19624 --- [flexisafquiz] [main] CachingDelegateEncryptablePropertySource : Property Source random refreshed
2024-10-29T11:25:37.000+01:00  INFO 19624 --- [flexisafquiz] [main] CachingDelegateEncryptablePropertySource : Property Source Config resource 'class path resource [application.properties]' via location 'optional:classpath:/' refreshed
2024-10-29T11:25:37.000+01:00  INFO 19624 --- [flexisafquiz] [main] c.u.j.EncryptablePropertySourceConverter : Converting PropertySource server.ports [org.springframework.core.env.MapPropertySource] to EncryptableMapPropertySourceWrapper
2024-10-29T11:25:37.000+01:00  INFO 19624 --- [flexisafquiz] [main] c.u.j.EncryptablePropertySourceConverter : Skipping PropertySource configurationProperties [class org.springframework.boot.context.properties.source.ConfigurationPropertySourcesPropertySource
2024-10-29T11:25:37.000+01:00  INFO 19624 --- [flexisafquiz] [main] c.u.j.EncryptablePropertySourceConverter : Skipping PropertySource servletConfigInitParams [class org.springframework.core.env.PropertySource$StubPropertySource
2024-10-29T11:25:37.001+01:00  INFO 19624 --- [flexisafquiz] [main] c.u.j.EncryptablePropertySourceConverter : Converting PropertySource servletContextInitParams [org.springframework.web.context.support.ServletContextPropertySource] to EncryptableEnumerablePropertySourceWrapper
2024-10-29T11:25:37.029+01:00  INFO 19624 --- [flexisafquiz] [main] c.f.f.FlexisafquizApplication            : Started FlexisafquizApplication in 15.361 seconds (process running for 16.551)
2024-10-29T11:25:59.796+01:00  INFO 19624 --- [flexisafquiz] [http-nio-8080-exec-1] o.a.c.c.C.[Tomcat].[localhost].[/]       : Initializing Spring DispatcherServlet 'dispatcherServlet'
2024-10-29T11:25:59.796+01:00  INFO 19624 --- [flexisafquiz] [http-nio-8080-exec-1] o.s.web.servlet.DispatcherServlet        : Initializing Servlet 'dispatcherServlet'
2024-10-29T11:25:59.798+01:00  INFO 19624 --- [flexisafquiz] [http-nio-8080-exec-1] o.s.web.servlet.DispatcherServlet        : Completed initialization in 2 ms
2024-10-29T11:26:05.454+01:00  INFO 19624 --- [flexisafquiz] [http-nio-8080-exec-10] o.springdoc.api.AbstractOpenApiResource  : Init duration for springdoc-openapi is: 3564 ms
